<?xml version="1.0" encoding="UTF-8"?>
<!-- Generated by org.testng.reporters.JUnitReportReporter -->
<testsuite hostname="LAPTOP-KQRS1J5O" failures="0" tests="1" name="testScript.NewAdmin_Test" time="12.733" errors="0" timestamp="2024-08-23T18:20:54 IST" skipped="0">
  <testcase classname="testScript.NewAdmin_Test" name="verify_User_is_Able_To_Add_NewUser" time="12.733"/>
  <system-out/>
</testsuite> <!-- testScript.NewAdmin_Test -->
